Flutter crash report.
Please report a bug at https://github.com/flutter/flutter/issues.

## command

flutter pub get

## exception

ProcessException: ProcessException: Failed to find "/home/m8mamad2/Dev/programs/sdk-tools/flutter/bin/cache/dart-sdk/bin/dart" in the search path.
Working directory: "/home/m8mamad2/Dev/projects/p_4"
pub env: {
  "FLUTTER_ROOT": "/home/m8mamad2/Dev/programs/sdk-tools/flutter",
  "PUB_ENVIRONMENT": "vscode.dart-code:flutter_cli:get",
  "PUB_CACHE": "/home/m8mamad2/.pub-cache",
}

  Command: /home/m8mamad2/Dev/programs/sdk-tools/flutter/bin/cache/dart-sdk/bin/dart 

```
#0      _DefaultPub.get (package:flutter_tools/src/dart/pub.dart:335:9)
<asynchronous suspension>
#1      PackagesGetCommand._runPubGet (package:flutter_tools/src/commands/packages.dart:140:7)
<asynchronous suspension>
#2      PackagesGetCommand.runCommand (package:flutter_tools/src/commands/packages.dart:175:5)
<asynchronous suspension>
#3      FlutterCommand.run.<anonymous closure> (package:flutter_tools/src/runner/flutter_command.dart:1209:27)
<asynchronous suspension>
#4      AppContext.run.<anonymous closure> (package:flutter_tools/src/base/context.dart:150:19)
<asynchronous suspension>
#5      CommandRunner.runCommand (package:args/command_runner.dart:209:13)
<asynchronous suspension>
#6      FlutterCommandRunner.runCommand.<anonymous closure> (package:flutter_tools/src/runner/flutter_command_runner.dart:281:9)
<asynchronous suspension>
#7      AppContext.run.<anonymous closure> (package:flutter_tools/src/base/context.dart:150:19)
<asynchronous suspension>
#8      FlutterCommandRunner.runCommand (package:flutter_tools/src/runner/flutter_command_runner.dart:229:5)
<asynchronous suspension>
#9      run.<anonymous closure>.<anonymous closure> (package:flutter_tools/runner.dart:62:9)
<asynchronous suspension>
#10     AppContext.run.<anonymous closure> (package:flutter_tools/src/base/context.dart:150:19)
<asynchronous suspension>
#11     main (package:flutter_tools/executable.dart:91:3)
<asynchronous suspension>
```

## flutter doctor

```
[☠] Flutter (the doctor check crashed)
    ✗ Due to an error, the doctor check did not complete. If the error message below is not helpful, please let us know about this issue at https://github.com/flutter/flutter/issues.
    ✗ Exception: Could not find directory at /home/m8mamad2/Dev/programs/sdk-tools/flutter/bin/cache/dart-sdk/bin/resources/devtools
    • #0      Cache.devToolsVersion (package:flutter_tools/src/cache.dart:384:9)
      #1      _DefaultDoctorValidatorsProvider.validators.<anonymous closure> (package:flutter_tools/src/doctor.dart:125:46)
      #2      FlutterValidator.validate (package:flutter_tools/src/doctor.dart:520:84)
      #3      Doctor.startValidatorTasks.<anonymous closure> (package:flutter_tools/src/doctor.dart:245:72)
      #4      asyncGuard.<anonymous closure> (package:flutter_tools/src/base/async_guard.dart:111:32)
      #5      _rootRun (dart:async/zone.dart:1398:13)
      #6      _CustomZone.run (dart:async/zone.dart:1300:19)
      #7      _runZoned (dart:async/zone.dart:1803:10)
      #8      runZonedGuarded (dart:async/zone.dart:1791:12)
      #9      runZoned (dart:async/zone.dart:1743:12)
      #10     asyncGuard (package:flutter_tools/src/base/async_guard.dart:109:3)
      #11     Doctor.startValidatorTasks (package:flutter_tools/src/doctor.dart:237:9)
      #12     DoctorText._validatorTasks (package:flutter_tools/src/doctor.dart:687:60)
      #13     DoctorText._validatorTasks (package:flutter_tools/src/doctor.dart)
      #14     DoctorText._runDiagnosis (package:flutter_tools/src/doctor.dart:691:53)
      #15     DoctorText.text (package:flutter_tools/src/doctor.dart:683:36)
      #16     DoctorText.text (package:flutter_tools/src/doctor.dart)
      #17     _createLocalCrashReport (package:flutter_tools/runner.dart:209:51)
      #18     _handleToolError (package:flutter_tools/runner.dart:165:31)
      <asynchronous suspension>
      #19     AppContext.run.<anonymous closure> (package:flutter_tools/src/base/context.dart:150:19)
      <asynchronous suspension>
      #20     main (package:flutter_tools/executable.dart:91:3)
      <asynchronous suspension>


[✓] Android toolchain - develop for Android devices (Android SDK version 33.0.0)
    • Android SDK at /home/m8mamad2/Dev/programs/sdk-tools/android-sdk
    • Platform android-33, build-tools 33.0.0
    • ANDROID_HOME = /home/m8mamad2/Dev/programs/sdk-tools/android-sdk
    • Java binary at: /home/m8mamad2/Dev/programs/ide-editors/android-studio/jre/bin/java
    • Java version OpenJDK Runtime Environment (build 11.0.12+0-b1504.28-7817840)
    • All Android licenses accepted.

[✓] Chrome - develop for the web
    • Chrome at google-chrome

[✗] Linux toolchain - develop for Linux desktop
    • clang version 10.0.0-4ubuntu1
    ✗ CMake is required for Linux development.
      It is likely available from your distribution (e.g.: apt install cmake), or can be downloaded from https://cmake.org/download/
    ✗ ninja is required for Linux development.
      It is likely available from your distribution (e.g.: apt install ninja-build), or can be downloaded from https://github.com/ninja-build/ninja/releases
    • pkg-config version 0.29.1
    ✗ GTK 3.0 development libraries are required for Linux development.
      They are likely available from your distribution (e.g.: apt install libgtk-3-dev)

[✓] Android Studio (version 2021.2)
    • Android Studio at /home/m8mamad2/Dev/programs/ide-editors/android-studio
    • Flutter plugin version 69.0.2
    • Dart plugin version 212.5744
    • Java version OpenJDK Runtime Environment (build 11.0.12+0-b1504.28-7817840)

[✓] VS Code (version 1.79.2)
    • VS Code at /usr/share/code
    • Flutter extension version 3.68.0

[✓] Connected device (2 available)
    • Linux (desktop) • linux  • linux-x64      • Linux Mint 20.3 5.4.0-153-generic
    • Chrome (web)    • chrome • web-javascript • Google Chrome 114.0.5735.198

[✓] HTTP Host Availability
    • All required HTTP hosts are available

! Doctor found issues in 2 categories.
```
